{"/Users/natalliapazniak/Projects/BackEnd/02-project---reservationizr-app-part-2---manage-reservations-Bulbasaur2021/server/src/app.js": {"path":"/Users/natalliapazniak/Projects/BackEnd/02-project---reservationizr-app-part-2---manage-reservations-Bulbasaur2021/server/src/app.js","statementMap":{"0":{"start":{"line":1,"column":16},"end":{"line":1,"column":34}},"1":{"start":{"line":2,"column":13},"end":{"line":2,"column":28}},"2":{"start":{"line":3,"column":12},"end":{"line":3,"column":21}},"3":{"start":{"line":4,"column":24},"end":{"line":4,"column":59}},"4":{"start":{"line":5,"column":25},"end":{"line":5,"column":61}},"5":{"start":{"line":6,"column":27},"end":{"line":6,"column":64}},"6":{"start":{"line":7,"column":16},"end":{"line":7,"column":42}},"7":{"start":{"line":8,"column":45},"end":{"line":8,"column":65}},"8":{"start":{"line":9,"column":17},"end":{"line":9,"column":53}},"9":{"start":{"line":10,"column":16},"end":{"line":10,"column":35}},"10":{"start":{"line":11,"column":19},"end":{"line":11,"column":41}},"11":{"start":{"line":12,"column":17},"end":{"line":12,"column":45}},"12":{"start":{"line":18,"column":0},"end":{"line":18,"column":27}},"13":{"start":{"line":19,"column":0},"end":{"line":21,"column":4}},"14":{"start":{"line":24,"column":17},"end":{"line":35,"column":2}},"15":{"start":{"line":37,"column":0},"end":{"line":37,"column":16}},"16":{"start":{"line":38,"column":0},"end":{"line":38,"column":24}},"17":{"start":{"line":39,"column":0},"end":{"line":45,"column":3}},"18":{"start":{"line":40,"column":22},"end":{"line":40,"column":52}},"19":{"start":{"line":41,"column":31},"end":{"line":43,"column":3}},"20":{"start":{"line":42,"column":4},"end":{"line":42,"column":34}},"21":{"start":{"line":44,"column":2},"end":{"line":44,"column":57}},"22":{"start":{"line":47,"column":0},"end":{"line":58,"column":3}},"23":{"start":{"line":48,"column":13},"end":{"line":48,"column":30}},"24":{"start":{"line":49,"column":2},"end":{"line":56,"column":3}},"25":{"start":{"line":50,"column":23},"end":{"line":50,"column":57}},"26":{"start":{"line":51,"column":4},"end":{"line":53,"column":5}},"27":{"start":{"line":52,"column":6},"end":{"line":52,"column":74}},"28":{"start":{"line":54,"column":32},"end":{"line":54,"column":62}},"29":{"start":{"line":55,"column":4},"end":{"line":55,"column":58}},"30":{"start":{"line":57,"column":2},"end":{"line":57,"column":69}},"31":{"start":{"line":60,"column":0},"end":{"line":88,"column":2}},"32":{"start":{"line":71,"column":4},"end":{"line":86,"column":5}},"33":{"start":{"line":72,"column":21},"end":{"line":72,"column":33}},"34":{"start":{"line":73,"column":29},"end":{"line":73,"column":36}},"35":{"start":{"line":74,"column":23},"end":{"line":77,"column":7}},"36":{"start":{"line":78,"column":0},"end":{"line":78,"column":20}},"37":{"start":{"line":79,"column":0},"end":{"line":79,"column":17}},"38":{"start":{"line":80,"column":26},"end":{"line":80,"column":56}},"39":{"start":{"line":81,"column":6},"end":{"line":81,"column":31}},"40":{"start":{"line":82,"column":6},"end":{"line":82,"column":52}},"41":{"start":{"line":84,"column":6},"end":{"line":84,"column":25}},"42":{"start":{"line":85,"column":6},"end":{"line":85,"column":18}},"43":{"start":{"line":89,"column":0},"end":{"line":97,"column":3}},"44":{"start":{"line":90,"column":23},"end":{"line":90,"column":54}},"45":{"start":{"line":91,"column":17},"end":{"line":91,"column":41}},"46":{"start":{"line":92,"column":27},"end":{"line":94,"column":3}},"47":{"start":{"line":93,"column":21},"end":{"line":93,"column":50}},"48":{"start":{"line":96,"column":2},"end":{"line":96,"column":53}},"49":{"start":{"line":99,"column":0},"end":{"line":118,"column":3}},"50":{"start":{"line":100,"column":13},"end":{"line":100,"column":30}},"51":{"start":{"line":101,"column":17},"end":{"line":101,"column":41}},"52":{"start":{"line":102,"column":2},"end":{"line":116,"column":3}},"53":{"start":{"line":103,"column":24},"end":{"line":103,"column":59}},"54":{"start":{"line":105,"column":4},"end":{"line":107,"column":5}},"55":{"start":{"line":106,"column":6},"end":{"line":106,"column":63}},"56":{"start":{"line":109,"column":4},"end":{"line":113,"column":5}},"57":{"start":{"line":110,"column":6},"end":{"line":112,"column":9}},"58":{"start":{"line":115,"column":4},"end":{"line":115,"column":50}},"59":{"start":{"line":117,"column":2},"end":{"line":117,"column":69}},"60":{"start":{"line":120,"column":0},"end":{"line":120,"column":18}},"61":{"start":{"line":121,"column":0},"end":{"line":121,"column":21}}},"fnMap":{"0":{"name":"(anonymous_0)","decl":{"start":{"line":39,"column":24},"end":{"line":39,"column":25}},"loc":{"start":{"line":39,"column":53},"end":{"line":45,"column":1}},"line":39},"1":{"name":"(anonymous_1)","decl":{"start":{"line":41,"column":47},"end":{"line":41,"column":48}},"loc":{"start":{"line":42,"column":4},"end":{"line":42,"column":34}},"line":42},"2":{"name":"(anonymous_2)","decl":{"start":{"line":47,"column":28},"end":{"line":47,"column":29}},"loc":{"start":{"line":47,"column":57},"end":{"line":58,"column":1}},"line":47},"3":{"name":"(anonymous_3)","decl":{"start":{"line":70,"column":2},"end":{"line":70,"column":3}},"loc":{"start":{"line":70,"column":37},"end":{"line":87,"column":3}},"line":70},"4":{"name":"(anonymous_4)","decl":{"start":{"line":89,"column":35},"end":{"line":89,"column":36}},"loc":{"start":{"line":89,"column":64},"end":{"line":97,"column":1}},"line":89},"5":{"name":"(anonymous_5)","decl":{"start":{"line":93,"column":4},"end":{"line":93,"column":5}},"loc":{"start":{"line":93,"column":21},"end":{"line":93,"column":50}},"line":93},"6":{"name":"(anonymous_6)","decl":{"start":{"line":99,"column":39},"end":{"line":99,"column":40}},"loc":{"start":{"line":99,"column":68},"end":{"line":118,"column":1}},"line":99}},"branchMap":{"0":{"loc":{"start":{"line":49,"column":2},"end":{"line":56,"column":3}},"type":"if","locations":[{"start":{"line":49,"column":2},"end":{"line":56,"column":3}},{"start":{"line":49,"column":2},"end":{"line":56,"column":3}}],"line":49},"1":{"loc":{"start":{"line":51,"column":4},"end":{"line":53,"column":5}},"type":"if","locations":[{"start":{"line":51,"column":4},"end":{"line":53,"column":5}},{"start":{"line":51,"column":4},"end":{"line":53,"column":5}}],"line":51},"2":{"loc":{"start":{"line":51,"column":8},"end":{"line":51,"column":55}},"type":"binary-expr","locations":[{"start":{"line":51,"column":8},"end":{"line":51,"column":32}},{"start":{"line":51,"column":36},"end":{"line":51,"column":55}}],"line":51},"3":{"loc":{"start":{"line":102,"column":2},"end":{"line":116,"column":3}},"type":"if","locations":[{"start":{"line":102,"column":2},"end":{"line":116,"column":3}},{"start":{"line":102,"column":2},"end":{"line":116,"column":3}}],"line":102},"4":{"loc":{"start":{"line":105,"column":4},"end":{"line":107,"column":5}},"type":"if","locations":[{"start":{"line":105,"column":4},"end":{"line":107,"column":5}},{"start":{"line":105,"column":4},"end":{"line":107,"column":5}}],"line":105},"5":{"loc":{"start":{"line":105,"column":8},"end":{"line":105,"column":57}},"type":"binary-expr","locations":[{"start":{"line":105,"column":8},"end":{"line":105,"column":33}},{"start":{"line":105,"column":37},"end":{"line":105,"column":57}}],"line":105},"6":{"loc":{"start":{"line":109,"column":4},"end":{"line":113,"column":5}},"type":"if","locations":[{"start":{"line":109,"column":4},"end":{"line":113,"column":5}},{"start":{"line":109,"column":4},"end":{"line":113,"column":5}}],"line":109}},"s":{"0":1,"1":1,"2":1,"3":1,"4":1,"5":1,"6":1,"7":1,"8":1,"9":1,"10":1,"11":1,"12":1,"13":1,"14":1,"15":1,"16":1,"17":1,"18":1,"19":1,"20":3,"21":1,"22":1,"23":3,"24":3,"25":2,"26":2,"27":1,"28":1,"29":1,"30":1,"31":1,"32":1,"33":1,"34":1,"35":1,"36":1,"37":1,"38":1,"39":1,"40":1,"41":0,"42":0,"43":1,"44":1,"45":1,"46":1,"47":3,"48":1,"49":1,"50":4,"51":4,"52":4,"53":3,"54":3,"55":1,"56":2,"57":1,"58":1,"59":1,"60":1,"61":1},"f":{"0":1,"1":3,"2":3,"3":1,"4":1,"5":3,"6":4},"b":{"0":[2,1],"1":[1,1],"2":[2,2],"3":[3,1],"4":[1,2],"5":[3,3],"6":[1,1]},"_coverageSchema":"1a1c01bbd47fc00a2c39e90264f33305004495a9","hash":"73d181654e50e08ba5f49de40305658c9991229e"}
,"/Users/natalliapazniak/Projects/BackEnd/02-project---reservationizr-app-part-2---manage-reservations-Bulbasaur2021/server/src/models/ReservationModel.js": {"path":"/Users/natalliapazniak/Projects/BackEnd/02-project---reservationizr-app-part-2---manage-reservations-Bulbasaur2021/server/src/models/ReservationModel.js","statementMap":{"0":{"start":{"line":1,"column":17},"end":{"line":1,"column":36}},"1":{"start":{"line":2,"column":15},"end":{"line":2,"column":30}},"2":{"start":{"line":4,"column":26},"end":{"line":33,"column":1}},"3":{"start":{"line":26,"column":8},"end":{"line":26,"column":25}},"4":{"start":{"line":27,"column":8},"end":{"line":27,"column":23}},"5":{"start":{"line":28,"column":8},"end":{"line":28,"column":23}},"6":{"start":{"line":29,"column":8},"end":{"line":29,"column":19}},"7":{"start":{"line":34,"column":20},"end":{"line":34,"column":68}},"8":{"start":{"line":35,"column":0},"end":{"line":35,"column":29}}},"fnMap":{"0":{"name":"(anonymous_0)","decl":{"start":{"line":25,"column":6},"end":{"line":25,"column":7}},"loc":{"start":{"line":25,"column":26},"end":{"line":30,"column":7}},"line":25}},"branchMap":{},"s":{"0":3,"1":3,"2":3,"3":4,"4":4,"5":4,"6":4,"7":3,"8":3},"f":{"0":4},"b":{},"_coverageSchema":"1a1c01bbd47fc00a2c39e90264f33305004495a9","hash":"8f23db7dd535f725442692d747f3674247d95a5c"}
,"/Users/natalliapazniak/Projects/BackEnd/02-project---reservationizr-app-part-2---manage-reservations-Bulbasaur2021/server/src/models/RestaurantModel.js": {"path":"/Users/natalliapazniak/Projects/BackEnd/02-project---reservationizr-app-part-2---manage-reservations-Bulbasaur2021/server/src/models/RestaurantModel.js","statementMap":{"0":{"start":{"line":1,"column":17},"end":{"line":1,"column":36}},"1":{"start":{"line":2,"column":15},"end":{"line":2,"column":30}},"2":{"start":{"line":4,"column":25},"end":{"line":18,"column":2}},"3":{"start":{"line":19,"column":19},"end":{"line":19,"column":65}},"4":{"start":{"line":20,"column":0},"end":{"line":20,"column":28}}},"fnMap":{},"branchMap":{},"s":{"0":3,"1":3,"2":3,"3":3,"4":3},"f":{},"b":{},"_coverageSchema":"1a1c01bbd47fc00a2c39e90264f33305004495a9","hash":"3f564f2dc76da2209fe7aa8ecf462ef53a51022d"}
,"/Users/natalliapazniak/Projects/BackEnd/02-project---reservationizr-app-part-2---manage-reservations-Bulbasaur2021/server/src/utils/formatRestaurantId.js": {"path":"/Users/natalliapazniak/Projects/BackEnd/02-project---reservationizr-app-part-2---manage-reservations-Bulbasaur2021/server/src/utils/formatRestaurantId.js","statementMap":{"0":{"start":{"line":1,"column":27},"end":{"line":8,"column":1}},"1":{"start":{"line":2,"column":2},"end":{"line":7,"column":4}},"2":{"start":{"line":9,"column":0},"end":{"line":9,"column":36}}},"fnMap":{"0":{"name":"(anonymous_0)","decl":{"start":{"line":1,"column":27},"end":{"line":1,"column":28}},"loc":{"start":{"line":1,"column":43},"end":{"line":8,"column":1}},"line":1}},"branchMap":{},"s":{"0":2,"1":5,"2":2},"f":{"0":5},"b":{},"_coverageSchema":"1a1c01bbd47fc00a2c39e90264f33305004495a9","hash":"588699ec531cb2c73be8874b86aea067f433983b"}
,"/Users/natalliapazniak/Projects/BackEnd/02-project---reservationizr-app-part-2---manage-reservations-Bulbasaur2021/server/src/utils/validId.js": {"path":"/Users/natalliapazniak/Projects/BackEnd/02-project---reservationizr-app-part-2---manage-reservations-Bulbasaur2021/server/src/utils/validId.js","statementMap":{"0":{"start":{"line":1,"column":17},"end":{"line":1,"column":36}},"1":{"start":{"line":3,"column":16},"end":{"line":5,"column":1}},"2":{"start":{"line":4,"column":2},"end":{"line":4,"column":45}},"3":{"start":{"line":7,"column":0},"end":{"line":7,"column":25}}},"fnMap":{"0":{"name":"(anonymous_0)","decl":{"start":{"line":3,"column":16},"end":{"line":3,"column":17}},"loc":{"start":{"line":3,"column":24},"end":{"line":5,"column":1}},"line":3}},"branchMap":{},"s":{"0":2,"1":2,"2":9,"3":2},"f":{"0":9},"b":{},"_coverageSchema":"1a1c01bbd47fc00a2c39e90264f33305004495a9","hash":"4bfcb867dbde66549b81ae02b668476adb7b07b5"}
}
