TN:
SF:src/app.js
FN:39,(anonymous_0)
FN:41,(anonymous_1)
FN:47,(anonymous_2)
FN:70,(anonymous_3)
FN:89,(anonymous_4)
FN:93,(anonymous_5)
FN:99,(anonymous_6)
FNF:7
FNH:7
FNDA:1,(anonymous_0)
FNDA:3,(anonymous_1)
FNDA:3,(anonymous_2)
FNDA:1,(anonymous_3)
FNDA:1,(anonymous_4)
FNDA:3,(anonymous_5)
FNDA:4,(anonymous_6)
DA:1,1
DA:2,1
DA:3,1
DA:4,1
DA:5,1
DA:6,1
DA:7,1
DA:8,1
DA:9,1
DA:10,1
DA:11,1
DA:12,1
DA:18,1
DA:19,1
DA:24,1
DA:37,1
DA:38,1
DA:39,1
DA:40,1
DA:41,1
DA:42,3
DA:44,1
DA:47,1
DA:48,3
DA:49,3
DA:50,2
DA:51,2
DA:52,1
DA:54,1
DA:55,1
DA:57,1
DA:60,1
DA:71,1
DA:72,1
DA:73,1
DA:74,1
DA:78,1
DA:79,1
DA:80,1
DA:81,1
DA:82,1
DA:84,0
DA:85,0
DA:89,1
DA:90,1
DA:91,1
DA:92,1
DA:93,3
DA:96,1
DA:99,1
DA:100,4
DA:101,4
DA:102,4
DA:103,3
DA:105,3
DA:106,1
DA:109,2
DA:110,1
DA:115,1
DA:117,1
DA:120,1
DA:121,1
LF:62
LH:60
BRDA:49,0,0,2
BRDA:49,0,1,1
BRDA:51,1,0,1
BRDA:51,1,1,1
BRDA:51,2,0,2
BRDA:51,2,1,2
BRDA:102,3,0,3
BRDA:102,3,1,1
BRDA:105,4,0,1
BRDA:105,4,1,2
BRDA:105,5,0,3
BRDA:105,5,1,3
BRDA:109,6,0,1
BRDA:109,6,1,1
BRF:14
BRH:14
end_of_record
TN:
SF:src/models/ReservationModel.js
FN:25,(anonymous_0)
FNF:1
FNH:1
FNDA:4,(anonymous_0)
DA:1,3
DA:2,3
DA:4,3
DA:26,4
DA:27,4
DA:28,4
DA:29,4
DA:34,3
DA:35,3
LF:9
LH:9
BRF:0
BRH:0
end_of_record
TN:
SF:src/models/RestaurantModel.js
FNF:0
FNH:0
DA:1,3
DA:2,3
DA:4,3
DA:19,3
DA:20,3
LF:5
LH:5
BRF:0
BRH:0
end_of_record
TN:
SF:src/utils/formatRestaurantId.js
FN:1,(anonymous_0)
FNF:1
FNH:1
FNDA:5,(anonymous_0)
DA:1,2
DA:2,5
DA:9,2
LF:3
LH:3
BRF:0
BRH:0
end_of_record
TN:
SF:src/utils/validId.js
FN:3,(anonymous_0)
FNF:1
FNH:1
FNDA:9,(anonymous_0)
DA:1,2
DA:3,2
DA:4,9
DA:7,2
LF:4
LH:4
BRF:0
BRH:0
end_of_record
